Magisk Module: Systemless Debloater v1.5.4a log file.
Copyright (c) zgfg @ xda, 2020-
Config file improvements provided by ipdev @ xda
Installation start time: Sat Jun 21 20:55:10 2025

arm64-v8a,armeabi-v7a,armeabi
Android 14 A/B (_a)


Input config file: /sdcard/Download/SystemlessDebloater.cfg

Verbose logging: true
Multiple search/debloat: true
Force mounting by service.sh: true

Input SarMountPointList=""

InvalidMountPointList="/data /framework"

Final SarMountPointList="
/apex
/product
/system
/system_ext
/vendor"

Input DebloatList="
AndroidAutoStub
Calendar
CatchLog
CneApp
EasterEgg
Email
GoogleFeedback
GooglePartnerSetup
Health
Joyose
MiBrowser
MiGalleryLockscreen
MiLinkService
MiMover
MiService
MiShare
MiuiBugReport
PaymentService
Stk
talkback
TouchAssistant
Traceur
XiaomiSimActivateService
ims
"

Final DebloatList="
AndroidAutoStub
Calendar
CatchLog
CneApp
EasterEgg
Email
GoogleFeedback
GooglePartnerSetup
Health
Joyose
MiBrowser
MiGalleryLockscreen
MiLinkService
MiMover
MiService
MiShare
MiuiBugReport
PaymentService
Stk
TouchAssistant
Traceur
XiaomiSimActivateService
ims
talkback"

Previously REPLACEd Stock apps:

Debloating:
found: /product/priv-app/AndroidAutoStub/AndroidAutoStub.apk 
found: /product/priv-app/Calendar/Calendar.apk 
found: /product/app/CatchLog/CatchLog.apk 
found: /vendor/app/CneApp/CneApp.apk 
found: /system/app/EasterEgg/EasterEgg.apk 
found: /product/app/Email/Email.apk 
found: /system_ext/priv-app/GoogleFeedback/GoogleFeedback.apk 
found: /product/priv-app/GooglePartnerSetup/GooglePartnerSetup.apk 
found: /product/app/Health/Health.apk 
found: /product/app/Joyose/Joyose.apk 
found: /product/priv-app/MiBrowser/MiBrowser.apk 
found: /product/app/MiGalleryLockscreen/MiGalleryLockscreen.apk 
found: /product/app/MiLinkService/MiLinkService.apk 
found: /product/priv-app/MiMover/MiMover.apk 
found: /product/priv-app/MiService/MiService.apk 
found: /product/priv-app/MiShare/MiShare.apk 
found: /product/app/MiuiBugReport/MiuiBugReport.apk 
found: /product/app/PaymentService/PaymentService.apk 
found: /system/app/Stk/Stk.apk 
found: /product/app/TouchAssistant/TouchAssistant.apk 
found: /system/app/Traceur/Traceur.apk 
found: /product/app/XiaomiSimActivateService/XiaomiSimActivateService.apk 
found: /system_ext/priv-app/ims/ims.apk 
found: /product/app/talkback/talkback.apk 

DebloatedList="
AndroidAutoStub
Calendar
CatchLog
CneApp
EasterEgg
Email
GoogleFeedback
GooglePartnerSetup
Health
Joyose
MiBrowser
MiGalleryLockscreen
MiLinkService
MiMover
MiService
MiShare
MiuiBugReport
PaymentService
Stk
TouchAssistant
Traceur
XiaomiSimActivateService
ims
talkback
"

MountList="
/product/app/CatchLog/CatchLog.apk
/product/app/Email/Email.apk
/product/app/Health/Health.apk
/product/app/Joyose/Joyose.apk
/product/app/MiGalleryLockscreen/MiGalleryLockscreen.apk
/product/app/MiLinkService/MiLinkService.apk
/product/app/MiuiBugReport/MiuiBugReport.apk
/product/app/PaymentService/PaymentService.apk
/product/app/TouchAssistant/TouchAssistant.apk
/product/app/XiaomiSimActivateService/XiaomiSimActivateService.apk
/product/app/talkback/talkback.apk
/product/priv-app/AndroidAutoStub/AndroidAutoStub.apk
/product/priv-app/Calendar/Calendar.apk
/product/priv-app/GooglePartnerSetup/GooglePartnerSetup.apk
/product/priv-app/MiBrowser/MiBrowser.apk
/product/priv-app/MiMover/MiMover.apk
/product/priv-app/MiService/MiService.apk
/product/priv-app/MiShare/MiShare.apk
/system/app/EasterEgg/EasterEgg.apk
/system/app/Stk/Stk.apk
/system/app/Traceur/Traceur.apk
/system_ext/priv-app/GoogleFeedback/GoogleFeedback.apk
/system_ext/priv-app/ims/ims.apk
/vendor/app/CneApp/CneApp.apk
"

MountListFile:
/data/adb/modules/SystemlessDebloater/mountList.sh

Stock apps:
/apex/com.android.adservices/priv-app/AdServicesApk@UKQ1.240624.001/AdServicesApk.apk
/apex/com.android.adservices/app/SdkSandbox@UKQ1.240624.001/SdkSandbox.apk
/apex/com.android.uwb/priv-app/ServiceUwbResources@UKQ1.240624.001/ServiceUwbResources.apk
/apex/com.android.devicelock/priv-app/DeviceLockController@UKQ1.240624.001/DeviceLockController.apk
/apex/com.android.tethering/priv-app/ServiceConnectivityResources@UKQ1.240624.001/ServiceConnectivityResources.apk
/apex/com.android.tethering/priv-app/Tethering@UKQ1.240624.001/Tethering.apk
/apex/com.android.tethering/app/HalfSheetUX@UKQ1.240624.001/HalfSheetUX.apk
/apex/com.android.mediaprovider/priv-app/MediaProvider@UKQ1.240624.001/MediaProvider.apk
/apex/com.android.permission/priv-app/PermissionController@UKQ1.240624.001/PermissionController.apk
/apex/com.android.permission/priv-app/SafetyCenterResources@UKQ1.240624.001/SafetyCenterResources.apk
/apex/com.android.virt/app/android.system.virtualmachine.res@UKQ1.240624.001/android.system.virtualmachine.res.apk
/apex/com.android.wifi/priv-app/ServiceWifiResources@UKQ1.240624.001/ServiceWifiResources.apk
/apex/com.android.wifi/app/WifiDialog@UKQ1.240624.001/WifiDialog.apk
/apex/com.android.wifi/app/OsuLogin@UKQ1.240624.001/OsuLogin.apk
/apex/com.android.healthfitness/priv-app/HealthConnectController@UKQ1.240624.001/HealthConnectController.apk
/apex/com.android.healthfitness/app/HealthConnectBackupRestore@UKQ1.240624.001/HealthConnectBackupRestore.apk
/apex/com.android.rkpd/priv-app/rkpdapp@UKQ1.240624.001/rkpdapp.apk
/apex/com.android.extservices/priv-app/GoogleExtServices@341911000/GoogleExtServices.apk
/apex/com.android.apex.cts.shim/priv-app/CtsShimPriv@MASTER/CtsShimPriv.apk
/apex/com.android.apex.cts.shim/app/CtsShim@MASTER/CtsShim.apk
/apex/com.android.ondevicepersonalization/app/FederatedCompute@UKQ1.240624.001/FederatedCompute.apk
/apex/com.android.ondevicepersonalization/app/OnDevicePersonalization@UKQ1.240624.001/OnDevicePersonalization.apk
/apex/com.android.adservices@340090000/priv-app/AdServicesApk@UKQ1.240624.001/AdServicesApk.apk
/apex/com.android.adservices@340090000/app/SdkSandbox@UKQ1.240624.001/SdkSandbox.apk
/apex/com.android.devicelock@1/priv-app/DeviceLockController@UKQ1.240624.001/DeviceLockController.apk
/apex/com.android.uwb@340090000/priv-app/ServiceUwbResources@UKQ1.240624.001/ServiceUwbResources.apk
/apex/com.android.mediaprovider@340090000/priv-app/MediaProvider@UKQ1.240624.001/MediaProvider.apk
/apex/com.android.virt@2/app/android.system.virtualmachine.res@UKQ1.240624.001/android.system.virtualmachine.res.apk
/apex/com.android.permission@340090000/priv-app/PermissionController@UKQ1.240624.001/PermissionController.apk
/apex/com.android.permission@340090000/priv-app/SafetyCenterResources@UKQ1.240624.001/SafetyCenterResources.apk
/apex/com.android.tethering@340090000/priv-app/ServiceConnectivityResources@UKQ1.240624.001/ServiceConnectivityResources.apk
/apex/com.android.tethering@340090000/priv-app/Tethering@UKQ1.240624.001/Tethering.apk
/apex/com.android.tethering@340090000/app/HalfSheetUX@UKQ1.240624.001/HalfSheetUX.apk
/apex/com.android.wifi@340090000/priv-app/ServiceWifiResources@UKQ1.240624.001/ServiceWifiResources.apk
/apex/com.android.wifi@340090000/app/WifiDialog@UKQ1.240624.001/WifiDialog.apk
/apex/com.android.wifi@340090000/app/OsuLogin@UKQ1.240624.001/OsuLogin.apk
/apex/com.android.rkpd@1/priv-app/rkpdapp@UKQ1.240624.001/rkpdapp.apk
/apex/com.android.healthfitness@340090000/priv-app/HealthConnectController@UKQ1.240624.001/HealthConnectController.apk
/apex/com.android.healthfitness@340090000/app/HealthConnectBackupRestore@UKQ1.240624.001/HealthConnectBackupRestore.apk
/apex/com.android.extservices@341911003/priv-app/GoogleExtServices@341911000/GoogleExtServices.apk
/apex/com.android.ondevicepersonalization@340090000/app/FederatedCompute@UKQ1.240624.001/FederatedCompute.apk
/apex/com.android.ondevicepersonalization@340090000/app/OnDevicePersonalization@UKQ1.240624.001/OnDevicePersonalization.apk
/apex/com.android.apex.cts.shim@1/priv-app/CtsShimPriv@MASTER/CtsShimPriv.apk
/apex/com.android.apex.cts.shim@1/app/CtsShim@MASTER/CtsShim.apk
/product/app/AiAsstVision/AiAsstVision.apk
/product/app/Calculator/Calculator.apk
/product/app/CatchLog/CatchLog.apk
/product/app/CloudService/CloudService.apk
/product/app/ConferenceDialer/ConferenceDialer.apk
/product/app/DeskClock/DeskClock.apk
/product/app/DeviceInfoQR/DeviceInfoQR.apk
/product/app/Email/Email.apk
/product/app/FidoAuthen/FidoAuthen.apk
/product/app/FileExplorer/FileExplorer.apk
/product/app/GoogleCalendarSyncAdapter/GoogleCalendarSyncAdapter.apk
/product/app/GoogleContactsSyncAdapter/GoogleContactsSyncAdapter.apk
/product/app/GoogleLocationHistory/GoogleLocationHistory.apk
/product/app/GoogleTTS/GoogleTTS.apk
/product/app/GuardProvider/GuardProvider.apk
/product/app/Health/Health.apk
/product/app/Joyose/Joyose.apk
/product/app/LatinImeGoogle/LatinImeGoogle.apk
/product/app/MiCloudSync/MiCloudSync.apk
/product/app/MiConnectService/MiConnectService.apk
/product/app/MiDevAuthService/MiDevAuthService.apk
/product/app/MiDrive/MiDrive.apk
/product/app/MiGalleryLockscreen/MiGalleryLockscreen.apk
/product/app/MiLinkService/MiLinkService.apk
/product/app/MiMediaEditor/MiMediaEditor.apk
/product/app/MiSettings/MiSettings.apk
/product/app/MiSound/MiSound.apk
/product/app/MiTrustService/MiTrustService.apk
/product/app/MiuiBiometric/MiuiBiometric.apk
/product/app/MiuiBugReport/MiuiBugReport.apk
/product/app/MiuiCit/MiuiCit.apk
/product/app/MiuiCompass/MiuiCompass.apk
/product/app/MiuiContentCatcher/MiuiContentCatcher.apk
/product/app/MiuiFrequentPhrase/MiuiFrequentPhrase.apk
/product/app/MiuiMacro/MiuiMacro.apk
/product/app/MiuiScreenRecorder/MiuiScreenRecorder.apk
/product/app/MiuiScreenshot/MiuiScreenshot.apk
/product/app/MiuiSystemUIPlugin/MiuiSystemUIPlugin.apk
/product/app/MiuiVideoPlayer/MiuiVideoPlayer.apk
/product/app/MiuiWallpaper/MiuiWallpaper.apk
/product/app/ModuleMetadataGoogle/ModuleMetadataGoogle.apk
/product/app/Notes/Notes.apk
/product/app/NotificationCenter/NotificationCenter.apk
/product/app/OTrPBroker/OTrPBroker.apk
/product/app/PaymentService/PaymentService.apk
/product/app/RideModeAudio/RideModeAudio.apk
/product/app/SecurityAdd/SecurityAdd.apk
/product/app/SecurityCoreAdd/SecurityCoreAdd.apk
/product/app/SoundPickerGoogle/SoundPickerGoogle.apk
/product/app/ThemeManager/ThemeManager.apk
/product/app/TouchAssistant/TouchAssistant.apk
/product/app/TrichromeLibrary64/TrichromeLibrary64.apk
/product/app/Updater/Updater.apk
/product/app/WebViewGoogle64/WebViewGoogle64.apk
/product/app/XiaomiAccount/XiaomiAccount.apk
/product/app/XiaomiServiceFramework/XiaomiServiceFramework.apk
/product/app/XiaomiSimActivateService/XiaomiSimActivateService.apk
/product/app/XmsCore/XmsCore.apk
/product/app/XmsfKeeper/XmsfKeeper.apk
/product/app/com.xiaomi.ugd/com.xiaomi.ugd.apk
/product/app/remoteSimLockAuthentication/remoteSimLockAuthentication.apk
/product/app/remotesimlockservice/remotesimlockservice.apk
/product/app/talkback/talkback.apk
/product/app/uimgbaservice/uimgbaservice.apk
/product/app/uimlpaservice/uimlpaservice.apk
/product/app/uimremoteclient/uimremoteclient.apk
/product/app/uimremoteserver/uimremoteserver.apk
/product/app/wps-lite/wps-lite.apk
/product/data-app/SuperWallpaperEarth/SuperWallpaperEarth.apk
/product/data-app/SuperWallpaperGeometry/SuperWallpaperGeometry.apk
/product/data-app/SuperWallpaperMars/SuperWallpaperMars.apk
/product/data-app/SuperWallpaperMoon/SuperWallpaperMoon.apk
/product/data-app/SuperWallpaperSaturn/SuperWallpaperSaturn.apk
/product/data-app/SuperWallpaperSnowmountain/SuperWallpaperSnowmountain.apk
/product/overlay/AospBluetoothResOverlay.apk
/product/overlay/AospFrameworkResOverlay.apk
/product/overlay/AospFrameworkTelephonyResOverlay.apk
/product/overlay/AospWifiResOverlay.apk
/product/overlay/AospWifiResOverlay_mainline.apk
/product/overlay/CarrierConfigResCommon.apk
/product/overlay/CellBroadcastReceiverResCommon.apk
/product/overlay/CircleToSearchOverlay.apk
/product/overlay/DevicesAndroidOverlay.apk
/product/overlay/DevicesOverlay.apk
/product/overlay/DisplayCutoutEmulationCorner/DisplayCutoutEmulationCornerOverlay.apk
/product/overlay/DisplayCutoutEmulationDouble/DisplayCutoutEmulationDoubleOverlay.apk
/product/overlay/DisplayCutoutEmulationHole/DisplayCutoutEmulationHoleOverlay.apk
/product/overlay/DisplayCutoutEmulationTall/DisplayCutoutEmulationTallOverlay.apk
/product/overlay/DisplayCutoutEmulationWaterfall/DisplayCutoutEmulationWaterfallOverlay.apk
/product/overlay/ElderlyNavigationBarOverlay.apk
/product/overlay/FontNotoSerifSource/FontNotoSerifSourceOverlay.apk
/product/overlay/FrameworksResCommon.apk
/product/overlay/FrameworksResCommonQva.apk
/product/overlay/GestureLineOverlay.apk
/product/overlay/GmsConfigOverlayCommon.apk
/product/overlay/GmsConfigOverlayGSA.apk
/product/overlay/GmsConfigOverlayGeotz.apk
/product/overlay/GmsContactProviderOverlay.apk
/product/overlay/GmsSettingProviderOverlay.apk
/product/overlay/GoogleDocumentsUIOverlay.apk
/product/overlay/GoogleExtServicesConfigOverlay.apk
/product/overlay/MccMncOverlay.apk
/product/overlay/MiTelephonyExtResOverlay.apk
/product/overlay/MiuiBtRRODeviceConfigOverlay.apk
/product/overlay/MiuiCarrierConfigOverlay.apk
/product/overlay/MiuiCustomizeLockscreenOverlay.apk
/product/overlay/MiuiCustomizeWallpaperOverlay.apk
/product/overlay/MiuiFrameworkResOverlay.apk
/product/overlay/MiuiFrameworkTelephonyResOverlay.apk
/product/overlay/MiuiSecurityCoreOverlay.apk
/product/overlay/MiuiServiceOverlay/MiuiServiceOverlay.apk
/product/overlay/MiuiSettingsResOverlay.apk
/product/overlay/MiuiStkResOverlay.apk
/product/overlay/MiuiSystemSdkResOverlay.apk
/product/overlay/MiuiSystemUIResOverlay.apk
/product/overlay/MiuiTelecomResOverlay.apk
/product/overlay/MiuiTelephonyProviderResOverlay.apk
/product/overlay/MiuiTelephonyResOverlay.apk
/product/overlay/MiuiWallpaperOverlay.apk
/product/overlay/ModuleMetadataGoogleOverlay.apk
/product/overlay/NavigationBarMode3Button/NavigationBarMode3ButtonOverlay.apk
/product/overlay/NavigationBarModeGestural/NavigationBarModeGesturalOverlay.apk
/product/overlay/NavigationBarModeGesturalExtraWideBack/NavigationBarModeGesturalOverlayExtraWideBack.apk
/product/overlay/NavigationBarModeGesturalNarrowBack/NavigationBarModeGesturalOverlayNarrowBack.apk
/product/overlay/NavigationBarModeGesturalWideBack/NavigationBarModeGesturalOverlayWideBack.apk
/product/overlay/NotesRoleEnabled/NotesRoleEnabledOverlay.apk
/product/overlay/SettingsProviderCustResOverlay.apk
/product/overlay/SettingsResCommon.apk
/product/overlay/SettingsRroDeviceConfigOverlay.apk
/product/overlay/SettingsRroDeviceHideStatusBarOverlay.apk
/product/overlay/SettingsRroDeviceTypeOverlay.apk
/product/overlay/SystemUIResCommon.apk
/product/overlay/TelecommResCommon.apk
/product/overlay/TelephonyResCommon.apk
/product/overlay/TransparentNavigationBar/TransparentNavigationBarOverlay.apk
/product/overlay/WifiResCommon.apk
/product/overlay/WifiResCommonMainline.apk
/product/prebuilts/com.android.deskclocklib.res20190812/com.android.deskclocklib.res20190812.apk
/product/priv-app/AndroidAutoStub/AndroidAutoStub.apk
/product/priv-app/AppFinder/AppFinder.apk
/product/priv-app/AutoRegistration/AutoRegistration.apk
/product/priv-app/Backup/Backup.apk
/product/priv-app/Calendar/Calendar.apk
/product/priv-app/CarrierServices/CarrierServices.apk
/product/priv-app/CleanMaster/CleanMaster.apk
/product/priv-app/CloudBackup/CloudBackup.apk
/product/priv-app/ConfigUpdater/ConfigUpdater.apk
/product/priv-app/Contacts/Contacts.apk
/product/priv-app/DownloadProviderUi/DownloadProviderUi.apk
/product/priv-app/FamilyLinkParentalControls/FamilyLinkParentalControls.apk
/product/priv-app/GmsCore/GmsCore.apk
/product/priv-app/GmsCore/m/independent/AndroidPlatformServices.apk
/product/priv-app/GoogleOneTimeInitializer/GoogleOneTimeInitializer.apk
/product/priv-app/GooglePartnerSetup/GooglePartnerSetup.apk
/product/priv-app/GoogleRestore/GoogleRestore.apk
/product/priv-app/HotwordEnrollmentOKGoogleHEXAGON_WIDEBAND/HotwordEnrollmentOKGoogleHEXAGON_WIDEBAND.apk
/product/priv-app/HotwordEnrollmentXGoogleHEXAGON_WIDEBAND/HotwordEnrollmentXGoogleHEXAGON_WIDEBAND.apk
/product/priv-app/ImsServiceEntitlement/ImsServiceEntitlement.apk
/product/priv-app/InCallUI/InCallUI.apk
/product/priv-app/MiAICR/MiAICR.apk
/product/priv-app/MiBrowser/MiBrowser.apk
/product/priv-app/MiMover/MiMover.apk
/product/priv-app/MiService/MiService.apk
/product/priv-app/MiShare/MiShare.apk
/product/priv-app/Mirror/Mirror.apk
/product/priv-app/MiuiAccessibility/MiuiAccessibility.apk
/product/priv-app/MiuiAod/MiuiAod.apk
/product/priv-app/MiuiBarrage/MiuiBarrage.apk
/product/priv-app/MiuiCamera/MiuiCamera.apk
/product/priv-app/MiuiExtraPhoto/MiuiExtraPhoto.apk
/product/priv-app/MiuiGallery/MiuiGallery.apk
/product/priv-app/MiuiHome/MiuiHome.apk
/product/priv-app/MiuiPackageInstaller/MiuiPackageInstaller.apk
/product/priv-app/MiuiScanner/MiuiScanner.apk
/product/priv-app/Mms/Mms.apk
/product/priv-app/Music/Music.apk
/product/priv-app/PersonalAssistant/PersonalAssistant.apk
/product/priv-app/Phonesky/Phonesky.apk
/product/priv-app/SecurityCenter/SecurityCenter.apk
/product/priv-app/SettingsIntelligence/SettingsIntelligence.apk
/product/priv-app/SoundRecorder/SoundRecorder.apk
/product/priv-app/Velvet/Velvet.apk
/product/priv-app/Weather/Weather.apk
/product/priv-app/XiaomiEUExt/XiaomiEUExt.apk
/system/app/Bluetooth/Bluetooth.apk
/system/app/BluetoothMidiService/BluetoothMidiService.apk
/system/app/CameraExtensionsProxy/CameraExtensionsProxy.apk
/system/app/CaptivePortalLogin/CaptivePortalLogin.apk
/system/app/CarrierDefaultApp/CarrierDefaultApp.apk
/system/app/CertInstaller/CertInstaller.apk
/system/app/CompanionDeviceManager/CompanionDeviceManager.apk
/system/app/EasterEgg/EasterEgg.apk
/system/app/GoogleExtShared/GoogleExtShared.apk
/system/app/GooglePrintRecommendationService/GooglePrintRecommendationService.apk
/system/app/KeyChain/KeyChain.apk
/system/app/PacProcessor/PacProcessor.apk
/system/app/PowerKeeper/PowerKeeper.apk
/system/app/SecureElement/SecureElement.apk
/system/app/SimAppDialog/SimAppDialog.apk
/system/app/Stk/Stk.apk
/system/app/Traceur/Traceur.apk
/system/app/WallpaperBackup/WallpaperBackup.apk
/system/app/WapiCertManage/WapiCertManage.apk
/system/framework/framework-res.apk
/system/priv-app/BackupRestoreConfirmation/BackupRestoreConfirmation.apk
/system/priv-app/BlockedNumberProvider/BlockedNumberProvider.apk
/system/priv-app/BuiltInPrintService/BuiltInPrintService.apk
/system/priv-app/CalendarProvider/CalendarProvider.apk
/system/priv-app/CallLogBackup/CallLogBackup.apk
/system/priv-app/CellBroadcastServiceModulePlatform/CellBroadcastServiceModulePlatform.apk
/system/priv-app/ContactsProvider/ContactsProvider.apk
/system/priv-app/CredentialManager/CredentialManager.apk
/system/priv-app/DocumentsUIGoogle/DocumentsUIGoogle-xhdpi.apk
/system/priv-app/DocumentsUIGoogle/DocumentsUIGoogle-xxhdpi.apk
/system/priv-app/DocumentsUIGoogle/DocumentsUIGoogle-xxxhdpi.apk
/system/priv-app/DocumentsUIGoogle/DocumentsUIGoogle.apk
/system/priv-app/DownloadProvider/DownloadProvider.apk
/system/priv-app/DynamicSystemInstallationService/DynamicSystemInstallationService.apk
/system/priv-app/ExternalStorageProvider/ExternalStorageProvider.apk
/system/priv-app/FusedLocation/FusedLocation.apk
/system/priv-app/HTMLViewer/HTMLViewer.apk
/system/priv-app/InputDevices/InputDevices.apk
/system/priv-app/IntentResolver/IntentResolver.apk
/system/priv-app/LiveWallpapersPicker/LiveWallpapersPicker.apk
/system/priv-app/LocalTransport/LocalTransport.apk
/system/priv-app/ManagedProvisioning/ManagedProvisioning.apk
/system/priv-app/MediaProviderLegacy/MediaProviderLegacy.apk
/system/priv-app/MmsService/MmsService.apk
/system/priv-app/MtpService/MtpService.apk
/system/priv-app/MusicFX/MusicFX.apk
/system/priv-app/NetworkStack/NetworkStack.apk
/system/priv-app/ONS/ONS.apk
/system/priv-app/PackageInstaller/PackageInstaller.apk
/system/priv-app/ProxyHandler/ProxyHandler.apk
/system/priv-app/SettingsProvider/SettingsProvider.apk
/system/priv-app/SharedStorageBackup/SharedStorageBackup.apk
/system/priv-app/Shell/Shell.apk
/system/priv-app/StatementService/StatementService.apk
/system/priv-app/Tag/Tag.apk
/system/priv-app/TeleService/TeleService.apk
/system/priv-app/Telecom/Telecom.apk
/system/priv-app/TelephonyProvider/TelephonyProvider.apk
/system/priv-app/UserDictionaryProvider/UserDictionaryProvider.apk
/system_ext/app/AtFwd2/AtFwd2.apk
/system_ext/app/BluetoothDsDaService/BluetoothDsDaService.apk
/system_ext/app/CameraMind/CameraMind.apk
/system_ext/app/DeviceInfo/DeviceInfo.apk
/system_ext/app/DeviceStatisticsService/DeviceStatisticsService.apk
/system_ext/app/DynamicDDSService/DynamicDDSService.apk
/system_ext/app/ImsDataChannelService/ImsDataChannelService.apk
/system_ext/app/MiuiAudioMonitor/MiuiAudioMonitor.apk
/system_ext/app/MiuiBluetooth/MiuiBluetooth.apk
/system_ext/app/MiuiDaemon/MiuiDaemon.apk
/system_ext/app/MiuixEditor/MiuixEditor.apk
/system_ext/app/ModemTestBox/ModemTestBox.apk
/system_ext/app/NQNfcNci/NQNfcNci.apk
/system_ext/app/PowerOffAlarm/PowerOffAlarm.apk
/system_ext/app/PowerSaveMode/PowerSaveMode.apk
/system_ext/app/PrintSpooler/PrintSpooler.apk
/system_ext/app/QCC/QCC.apk
/system_ext/app/QColor/QColor.apk
/system_ext/app/QesdkSysService/QesdkSysService.apk
/system_ext/app/QtiTelephony/QtiTelephony.apk
/system_ext/app/QtiTelephonyService/QtiTelephonyService.apk
/system_ext/app/SimContact/SimContact.apk
/system_ext/app/VsimCore/VsimCore.apk
/system_ext/app/WAPPushManager/WAPPushManager.apk
/system_ext/app/atfwd/atfwd.apk
/system_ext/app/colorservice/colorservice.apk
/system_ext/app/datastatusnotification/datastatusnotification.apk
/system_ext/app/miuisystem/miuisystem.apk
/system_ext/app/miuix/miuix.apk
/system_ext/app/workloadclassifier/workloadclassifier.apk
/system_ext/framework/framework-ext-res/framework-ext-res.apk
/system_ext/priv-app/AccessibilityMenu/AccessibilityMenu.apk
/system_ext/priv-app/AuthManager/AuthManager.apk
/system_ext/priv-app/CarrierConfig/CarrierConfig.apk
/system_ext/priv-app/CellBroadcastAppPlatform/CellBroadcastAppPlatform.apk
/system_ext/priv-app/EmergencyInfo/EmergencyInfo.apk
/system_ext/priv-app/FindDevice/FindDevice.apk
/system_ext/priv-app/GoogleFeedback/GoogleFeedback.apk
/system_ext/priv-app/GoogleServicesFramework/GoogleServicesFramework.apk
/system_ext/priv-app/MiuiFreeformService/MiuiFreeformService.apk
/system_ext/priv-app/MiuiSystemUI/MiuiSystemUI.apk
/system_ext/priv-app/MiuiWifiDialog/MiuiWifiDialog.apk
/system_ext/priv-app/PerformanceMode/PerformanceMode.apk
/system_ext/priv-app/Polaris/Polaris.apk
/system_ext/priv-app/Provision/Provision.apk
/system_ext/priv-app/QtiWifiService/QtiWifiService.apk
/system_ext/priv-app/QualcommVoiceActivation/QualcommVoiceActivation.apk
/system_ext/priv-app/RtMiCloudSDK/RtMiCloudSDK.apk
/system_ext/priv-app/Settings/Settings.apk
/system_ext/priv-app/SetupWizard/SetupWizard.apk
/system_ext/priv-app/StorageManager/StorageManager.apk
/system_ext/priv-app/TouchService/TouchService.apk
/system_ext/priv-app/VpnDialogs/VpnDialogs.apk
/system_ext/priv-app/WallpaperCropper/WallpaperCropper.apk
/system_ext/priv-app/WfdService/WfdService.apk
/system_ext/priv-app/com.qualcomm.location/com.qualcomm.location.apk
/system_ext/priv-app/com.qualcomm.qti.services.systemhelper/com.qualcomm.qti.services.systemhelper.apk
/system_ext/priv-app/dcf/dcf.apk
/system_ext/priv-app/dpmserviceapp/dpmserviceapp.apk
/system_ext/priv-app/ims/ims.apk
/system_ext/priv-app/qcrilmsgtunnel/qcrilmsgtunnel.apk
/system_ext/priv-app/xrcbservice/xrcbservice.apk
/system_ext/priv-app/xrvdservice/xrvdservice.apk
/system_ext/priv-app/xrwifiservice/xrwifiservice.apk
/vendor/app/CACertService/CACertService.apk
/vendor/app/CneApp/CneApp.apk
/vendor/app/EidService_V2/EidService_V2.apk
/vendor/app/IFAAService/IFAAService.apk
/vendor/app/IWlanService/IWlanService.apk
/vendor/app/MipayService/MipayService.apk
/vendor/app/SensorTestTool/SensorTestTool.apk
/vendor/app/SoterService/SoterService.apk
/vendor/app/TimeService/TimeService.apk
/vendor/app/com.qualcomm.qti.gpudrivers.lahaina.api30/com.qualcomm.qti.gpudrivers.lahaina.api30.apk
/vendor/overlay/FrameworksResTarget.apk
/vendor/overlay/WifiResTarget.apk

Stock packages: 
/apex/com.android.adservices/app/SdkSandbox@UKQ1.240624.001/SdkSandbox.apk=com.android.sdksandbox
/apex/com.android.adservices/priv-app/AdServicesApk@UKQ1.240624.001/AdServicesApk.apk=com.android.adservices.api
/apex/com.android.apex.cts.shim/app/CtsShim@MASTER/CtsShim.apk=com.android.cts.ctsshim
/apex/com.android.apex.cts.shim/priv-app/CtsShimPriv@MASTER/CtsShimPriv.apk=com.android.cts.priv.ctsshim
/apex/com.android.devicelock/priv-app/DeviceLockController@UKQ1.240624.001/DeviceLockController.apk=com.android.devicelockcontroller
/apex/com.android.extservices/priv-app/GoogleExtServices@341911000/GoogleExtServices.apk=com.google.android.ext.services
/apex/com.android.healthfitness/app/HealthConnectBackupRestore@UKQ1.240624.001/HealthConnectBackupRestore.apk=com.android.health.connect.backuprestore
/apex/com.android.healthfitness/priv-app/HealthConnectController@UKQ1.240624.001/HealthConnectController.apk=com.android.healthconnect.controller
/apex/com.android.mediaprovider/priv-app/MediaProvider@UKQ1.240624.001/MediaProvider.apk=com.android.providers.media.module
/apex/com.android.ondevicepersonalization/app/FederatedCompute@UKQ1.240624.001/FederatedCompute.apk=com.android.federatedcompute.services
/apex/com.android.ondevicepersonalization/app/OnDevicePersonalization@UKQ1.240624.001/OnDevicePersonalization.apk=com.android.ondevicepersonalization.services
/apex/com.android.permission/priv-app/PermissionController@UKQ1.240624.001/PermissionController.apk=com.android.permissioncontroller
/apex/com.android.permission/priv-app/SafetyCenterResources@UKQ1.240624.001/SafetyCenterResources.apk=com.android.safetycenter.resources
/apex/com.android.rkpd/priv-app/rkpdapp@UKQ1.240624.001/rkpdapp.apk=com.android.rkpdapp
/apex/com.android.tethering/app/HalfSheetUX@UKQ1.240624.001/HalfSheetUX.apk=com.android.nearby.halfsheet
/apex/com.android.tethering/priv-app/ServiceConnectivityResources@UKQ1.240624.001/ServiceConnectivityResources.apk=com.android.connectivity.resources
/apex/com.android.tethering/priv-app/Tethering@UKQ1.240624.001/Tethering.apk=com.android.networkstack.tethering
/apex/com.android.uwb/priv-app/ServiceUwbResources@UKQ1.240624.001/ServiceUwbResources.apk=com.android.uwb.resources
/apex/com.android.virt/app/android.system.virtualmachine.res@UKQ1.240624.001/android.system.virtualmachine.res.apk=com.android.virtualmachine.res
/apex/com.android.wifi/app/OsuLogin@UKQ1.240624.001/OsuLogin.apk=com.android.hotspot2.osulogin
/apex/com.android.wifi/priv-app/ServiceWifiResources@UKQ1.240624.001/ServiceWifiResources.apk=com.android.wifi.resources
/data/app/SuperWallpaperEarth/base.apk=com.miui.miwallpaper.earth
/data/app/SuperWallpaperGeometry/base.apk=com.miui.miwallpaper.geometry
/data/app/SuperWallpaperMars/base.apk=com.miui.miwallpaper.mars
/data/app/SuperWallpaperMoon/base.apk=com.miui.miwallpaper.moon
/data/app/SuperWallpaperSaturn/base.apk=com.miui.miwallpaper.saturn
/data/app/SuperWallpaperSnowmountain/base.apk=com.miui.miwallpaper.snowmountain
/data/app/~~2UIfAqcGXeDzC2KMsk-8Pw==/com.google.android.apps.restore-iKfcQR93D3bFAdU_DfyREw==/base.apk=com.google.android.apps.restore
/data/app/~~3UZaon1zrYcOj-OmVcIbyQ==/com.mixplorer.addon.pdf-Yyp_Mc_JzztOzB_qCv6jFQ==/base.apk=com.mixplorer.addon.pdf
/data/app/~~5Uog_TtTF1ZGkoeAljXCIA==/com.google.android.contactkeys-d_4WPuIziVTdX60-nTMRiQ==/base.apk=com.google.android.contactkeys
/data/app/~~841OcQ0cG3OVQt_iliyCYQ==/com.mixplorer.addon.archive-C0vLR7aS0xLsEEcrY1zDQg==/base.apk=com.mixplorer.addon.archive
/data/app/~~A4VaoI-I7VxUPDAc2ESW4g==/com.pittvandewitt.viperfx-oE7Q8rvz8Zy5rDiktrLK8A==/base.apk=com.pittvandewitt.viperfx
/data/app/~~AfdQw3lHd9YeHwujj0w6Dw==/sarangal.packagemanager-WKljB2WNRnFvVqTNJlI1kw==/base.apk=sarangal.packagemanager
/data/app/~~Cf6A9Qm-4HMyzyY5WuOD5Q==/com.android.chrome-TimAEToiYV4cfafP1EQUTg==/base.apk=com.android.chrome
/data/app/~~EEl0Jp-_7MsZBnlmzbK9gA==/io.github.vvb2060.keyattestation-4MHWlGNe-Gl3GN7UQv5z_Q==/base.apk=io.github.vvb2060.keyattestation
/data/app/~~FVLyhpF5dvqxpqay78qPvA==/com.maximko.cuber-0dRL4OAGg3v9MG1Q8ZHYhA==/base.apk=com.maximko.cuber
/data/app/~~ISF1YOVqpR8XlsGyRNT3Aw==/gr.nikolasspyr.integritycheck-xN_nHxlTAfZX9jaqwdZFUA==/base.apk=gr.nikolasspyr.integritycheck
/data/app/~~LxT42taRP50uvUZvhc1vew==/com.google.android.googlequicksearchbox-agSNOrRxfiSUeHzVHve0FQ==/base.apk=com.google.android.googlequicksearchbox
/data/app/~~M903L27xp6IyvJ0C8bGj9Q==/com.mixplorer-Vtw3fRNjR2vEWhMstgUwdA==/base.apk=com.mixplorer
/data/app/~~OMBCXzFORHUhDtdU0LLeqA==/com.google.android.gms-9byBpnm4Q50heUHdFk-3lQ==/base.apk=com.google.android.gms
/data/app/~~OP-JnRkOs2MvTyYihQR54Q==/com.cybercat.acbridge-YCJq8KBlXMhvHEQWZR2dMg==/base.apk=com.cybercat.acbridge
/data/app/~~OwDxqyznODSTnI6bn8g3tg==/com.google.android.youtube-kClIG12UKz4wc8ICbf9WDw==/base.apk=com.google.android.youtube
/data/app/~~QQTNZFwbm1IVWNdnOq70Og==/me.bmax.apatch-BM6111cvviw1innDJWXVtQ==/base.apk=me.bmax.apatch
/data/app/~~Qe0p4djk44-tPXLZnuEglQ==/fr.petrus.tools.reboot-K1x71fNVBsKNGHOVFoXJgw==/base.apk=fr.petrus.tools.reboot
/data/app/~~TUuKAPImly3cTR4xe9YSIg==/com.google.ar.core-Wfarxd4b5vcqQ81xm4XlXA==/base.apk=com.google.ar.core
/data/app/~~__OltRMZPbPWK5z-pSzBMg==/com.google.android.inputmethod.latin-SlxJ_TW1MBWECsSN5KXU_Q==/base.apk=com.google.android.inputmethod.latin
/data/app/~~_mfWdmUaL5tE-pGnqhOCfw==/mega.privacy.android.app-NDCmbu0bRma2O-8z-ibNiA==/base.apk=mega.privacy.android.app
/data/app/~~nu59kxoRTkhBg6Q7o6GW9A==/org.adaway-K_rrlIbIZVhR4m4Q3l5g5Q==/base.apk=org.adaway
/data/app/~~o0YNHkoOmTC6YCweh94LFA==/cz.kostra.spoofvendingsdk.qstile-ov5dGYVpaVf6dQNFm91HgA==/base.apk=cz.kostra.spoofvendingsdk.qstile
/data/app/~~o2ClcowBsbsWKgDivCsDug==/com.android.vending-fdT34iLH-VDMgkpFdQt_lQ==/base.apk=com.android.vending
/data/app/~~qqrcPfFKf_fqWV0Zq34nFg==/com.google.android.tts-SdKBL8uSpBJF6GqpswkIGA==/base.apk=com.google.android.tts
/data/app/~~s3avCaLb8aMi6rtd5CV5GA==/com.apkmirror.helper.prod-wk9rWRZSsFK0doh5zRUyBA==/base.apk=com.apkmirror.helper.prod
/data/app/~~soHJUvXHUpFkuwRCej7opw==/com.offsec.nhterm-huTB2YC-tzyJimMqKeO0BA==/base.apk=com.offsec.nhterm
/data/app/~~vPQ9QyFC4fb19FELbv954g==/com.google.android.webview-8Lrva5oqYaajzCAmfHJVTg==/base.apk=com.google.android.webview
/data/app/~~y25PfNiLlJ2WBbt7tUeYow==/com.xda.devs-TrP0ht3Bf-GSNFzeUJcRqQ==/base.apk=com.xda.devs
/product/app/AiAsstVision/AiAsstVision.apk=com.xiaomi.aiasst.vision
/product/app/Calculator/Calculator.apk=com.miui.calculator
/product/app/CloudService/CloudService.apk=com.miui.cloudservice
/product/app/ConferenceDialer/ConferenceDialer.apk=com.qualcomm.qti.confdialer
/product/app/DeskClock/DeskClock.apk=com.android.deskclock
/product/app/DeviceInfoQR/DeviceInfoQR.apk=com.miui.qr
/product/app/FidoAuthen/FidoAuthen.apk=com.fido.asm
/product/app/FileExplorer/FileExplorer.apk=com.android.fileexplorer
/product/app/GoogleCalendarSyncAdapter/GoogleCalendarSyncAdapter.apk=com.google.android.syncadapters.calendar
/product/app/GoogleContactsSyncAdapter/GoogleContactsSyncAdapter.apk=com.google.android.syncadapters.contacts
/product/app/GoogleLocationHistory/GoogleLocationHistory.apk=com.google.android.gms.location.history
/product/app/GuardProvider/GuardProvider.apk=com.miui.guardprovider
/product/app/MiCloudSync/MiCloudSync.apk=com.miui.micloudsync
/product/app/MiConnectService/MiConnectService.apk=com.xiaomi.mi_connect_service
/product/app/MiDevAuthService/MiDevAuthService.apk=com.xiaomi.devauth
/product/app/MiDrive/MiDrive.apk=com.miui.newmidrive
/product/app/MiMediaEditor/MiMediaEditor.apk=com.miui.mediaeditor
/product/app/MiSettings/MiSettings.apk=com.xiaomi.misettings
/product/app/MiSound/MiSound.apk=com.miui.misound
/product/app/MiTrustService/MiTrustService.apk=com.xiaomi.trustservice
/product/app/MiuiBiometric/MiuiBiometric.apk=com.miui.face
/product/app/MiuiCit/MiuiCit.apk=com.miui.cit
/product/app/MiuiCompass/MiuiCompass.apk=com.miui.compass
/product/app/MiuiContentCatcher/MiuiContentCatcher.apk=com.miui.contentcatcher
/product/app/MiuiFrequentPhrase/MiuiFrequentPhrase.apk=com.miui.phrase
/product/app/MiuiMacro/MiuiMacro.apk=com.xiaomi.macro
/product/app/MiuiScreenRecorder/MiuiScreenRecorder.apk=com.miui.screenrecorder
/product/app/MiuiScreenshot/MiuiScreenshot.apk=com.miui.screenshot
/product/app/MiuiSystemUIPlugin/MiuiSystemUIPlugin.apk=miui.systemui.plugin
/product/app/MiuiVideoPlayer/MiuiVideoPlayer.apk=com.miui.videoplayer
/product/app/MiuiWallpaper/MiuiWallpaper.apk=com.miui.miwallpaper
/product/app/ModuleMetadataGoogle/ModuleMetadataGoogle.apk=com.google.android.modulemetadata
/product/app/Notes/Notes.apk=com.miui.notes
/product/app/NotificationCenter/NotificationCenter.apk=com.miui.notification
/product/app/OTrPBroker/OTrPBroker.apk=com.xiaomi.otrpbroker
/product/app/RideModeAudio/RideModeAudio.apk=com.qualcomm.qti.ridemodeaudio
/product/app/SecurityAdd/SecurityAdd.apk=com.miui.securityadd
/product/app/SecurityCoreAdd/SecurityCoreAdd.apk=com.miui.securitycore
/product/app/SoundPickerGoogle/SoundPickerGoogle.apk=com.google.android.soundpicker
/product/app/ThemeManager/ThemeManager.apk=com.android.thememanager
/product/app/XiaomiAccount/XiaomiAccount.apk=com.xiaomi.account
/product/app/XiaomiServiceFramework/XiaomiServiceFramework.apk=com.xiaomi.xmsf
/product/app/XmsCore/XmsCore.apk=com.miui.core
/product/app/XmsfKeeper/XmsfKeeper.apk=com.xiaomi.xmsfkeeper
/product/app/com.xiaomi.ugd/com.xiaomi.ugd.apk=com.xiaomi.ugd
/product/app/remoteSimLockAuthentication/remoteSimLockAuthentication.apk=com.qualcomm.qti.remoteSimlockAuth
/product/app/remotesimlockservice/remotesimlockservice.apk=com.qualcomm.qti.uim
/product/app/uimgbaservice/uimgbaservice.apk=com.qualcomm.qti.uimGbaApp
/product/app/uimlpaservice/uimlpaservice.apk=com.qualcomm.qti.lpa
/product/app/uimremoteclient/uimremoteclient.apk=com.qualcomm.uimremoteclient
/product/app/uimremoteserver/uimremoteserver.apk=com.qualcomm.uimremoteserver
/product/app/wps-lite/wps-lite.apk=cn.wps.moffice_eng.xiaomi.lite
/product/overlay/AospBluetoothResOverlay.apk=com.android.bluetooth.overlay
/product/overlay/AospFrameworkResOverlay.apk=android.aosp.overlay
/product/overlay/AospFrameworkTelephonyResOverlay.apk=android.aosp.overlay.telephony
/product/overlay/AospWifiResOverlay.apk=com.android.wifi.resources.xiaomi
/product/overlay/AospWifiResOverlay_mainline.apk=com.google.android.wifi.resources.xiaomi
/product/overlay/CarrierConfigResCommon.apk=com.android.carrierconfig.overlay.common
/product/overlay/CellBroadcastReceiverResCommon.apk=com.android.cellbroadcastreceiver.overlay.common
/product/overlay/CircleToSearchOverlay.apk=com.android.overlay.circletosearch
/product/overlay/DevicesAndroidOverlay.apk=com.miui.systemui.overlay.devices.android
/product/overlay/DevicesOverlay.apk=com.miui.systemui.devices.overlay
/product/overlay/DisplayCutoutEmulationCorner/DisplayCutoutEmulationCornerOverlay.apk=com.android.internal.display.cutout.emulation.corner
/product/overlay/DisplayCutoutEmulationDouble/DisplayCutoutEmulationDoubleOverlay.apk=com.android.internal.display.cutout.emulation.double
/product/overlay/DisplayCutoutEmulationHole/DisplayCutoutEmulationHoleOverlay.apk=com.android.internal.display.cutout.emulation.hole
/product/overlay/DisplayCutoutEmulationTall/DisplayCutoutEmulationTallOverlay.apk=com.android.internal.display.cutout.emulation.tall
/product/overlay/DisplayCutoutEmulationWaterfall/DisplayCutoutEmulationWaterfallOverlay.apk=com.android.internal.display.cutout.emulation.waterfall
/product/overlay/ElderlyNavigationBarOverlay.apk=com.android.systemui.navigation.bar.overlay
/product/overlay/FontNotoSerifSource/FontNotoSerifSourceOverlay.apk=com.android.theme.font.notoserifsource
/product/overlay/FrameworksResCommon.apk=android.overlay.common
/product/overlay/FrameworksResCommonQva.apk=android.qvaoverlay.common
/product/overlay/GestureLineOverlay.apk=com.android.systemui.gesture.line.overlay
/product/overlay/GmsConfigOverlayCommon.apk=com.google.android.overlay.gmsconfig.common
/product/overlay/GmsConfigOverlayGSA.apk=com.google.android.overlay.gmsconfig.gsa
/product/overlay/GmsConfigOverlayGeotz.apk=com.google.android.overlay.gmsconfig.geotz
/product/overlay/GmsContactProviderOverlay.apk=com.android.overlay.gmscontactprovider
/product/overlay/GmsSettingProviderOverlay.apk=com.android.overlay.gmssettingprovider
/product/overlay/GoogleDocumentsUIOverlay.apk=com.google.android.overlay.modules.documentsui
/product/overlay/GoogleExtServicesConfigOverlay.apk=com.google.android.overlay.modules.ext.services
/product/overlay/MccMncOverlay.apk=com.miui.systemui.carriers.overlay
/product/overlay/MiTelephonyExtResOverlay.apk=com.xiaomi.phone.overlay
/product/overlay/MiuiBtRRODeviceConfigOverlay.apk=com.xiaomi.bluetooth.rro.device.config.overlay
/product/overlay/MiuiCarrierConfigOverlay.apk=com.android.carrierconfig.overlay.miui
/product/overlay/MiuiCustomizeLockscreenOverlay.apk=com.miui.miwallpaper.overlay.customize
/product/overlay/MiuiCustomizeWallpaperOverlay.apk=com.miui.wallpaper.overlay.customize
/product/overlay/MiuiFrameworkResOverlay.apk=android.miui.overlay
/product/overlay/MiuiFrameworkTelephonyResOverlay.apk=android.miui.overlay.telephony
/product/overlay/MiuiSecurityCoreOverlay.apk=com.android.inputsettings.overlay.miui
/product/overlay/MiuiServiceOverlay/MiuiServiceOverlay.apk=com.miui.core.internal.services
/product/overlay/MiuiSettingsResOverlay.apk=com.android.settings.overlay.miui
/product/overlay/MiuiStkResOverlay.apk=com.android.stk.overlay.miui
/product/overlay/MiuiSystemSdkResOverlay.apk=com.miui.system.overlay
/product/overlay/MiuiSystemUIResOverlay.apk=com.android.systemui.overlay.miui
/product/overlay/MiuiTelecomResOverlay.apk=com.android.server.telecom.overlay.miui
/product/overlay/MiuiTelephonyProviderResOverlay.apk=com.android.providers.telephony.overlay.miui
/product/overlay/MiuiTelephonyResOverlay.apk=com.android.phone.overlay.miui
/product/overlay/MiuiWallpaperOverlay.apk=com.miui.miwallpaper.config.overlay
/product/overlay/ModuleMetadataGoogleOverlay.apk=com.google.android.overlay.modules.modulemetadata.forframework
/product/overlay/NavigationBarMode3Button/NavigationBarMode3ButtonOverlay.apk=com.android.internal.systemui.navbar.threebutton
/product/overlay/NavigationBarModeGestural/NavigationBarModeGesturalOverlay.apk=com.android.internal.systemui.navbar.gestural
/product/overlay/NavigationBarModeGesturalExtraWideBack/NavigationBarModeGesturalOverlayExtraWideBack.apk=com.android.internal.systemui.navbar.gestural_extra_wide_back
/product/overlay/NavigationBarModeGesturalNarrowBack/NavigationBarModeGesturalOverlayNarrowBack.apk=com.android.internal.systemui.navbar.gestural_narrow_back
/product/overlay/NavigationBarModeGesturalWideBack/NavigationBarModeGesturalOverlayWideBack.apk=com.android.internal.systemui.navbar.gestural_wide_back
/product/overlay/NotesRoleEnabled/NotesRoleEnabledOverlay.apk=com.android.role.notes.enabled
/product/overlay/SettingsProviderCustResOverlay.apk=com.android.providers.settings.overlay
/product/overlay/SettingsResCommon.apk=com.android.settings.overlay.common
/product/overlay/SettingsRroDeviceConfigOverlay.apk=com.miui.settings.rro.device.config.overlay
/product/overlay/SettingsRroDeviceHideStatusBarOverlay.apk=com.miui.settings.rro.device.hide.statusbar.overlay
/product/overlay/SettingsRroDeviceTypeOverlay.apk=com.miui.settings.rro.device.type.overlay
/product/overlay/SystemUIResCommon.apk=com.android.systemui.overlay.common
/product/overlay/TelecommResCommon.apk=com.android.server.telecom.overlay.common
/product/overlay/TelephonyResCommon.apk=com.android.phone.overlay.common
/product/overlay/TransparentNavigationBar/TransparentNavigationBarOverlay.apk=com.android.internal.systemui.navbar.transparent
/product/overlay/WifiResCommon.apk=com.android.wifi.resources.overlay.common
/product/overlay/WifiResCommonMainline.apk=com.google.android.wifi.resources.overlay.common
/product/priv-app/AppFinder/AppFinder.apk=com.mi.appfinder
/product/priv-app/AutoRegistration/AutoRegistration.apk=com.xiaomi.registration
/product/priv-app/Backup/Backup.apk=com.miui.backup
/product/priv-app/CarrierServices/CarrierServices.apk=com.google.android.ims
/product/priv-app/CleanMaster/CleanMaster.apk=com.miui.cleaner
/product/priv-app/CloudBackup/CloudBackup.apk=com.miui.cloudbackup
/product/priv-app/ConfigUpdater/ConfigUpdater.apk=com.google.android.configupdater
/product/priv-app/Contacts/Contacts.apk=com.android.contacts
/product/priv-app/DownloadProviderUi/DownloadProviderUi.apk=com.android.providers.downloads.ui
/product/priv-app/FamilyLinkParentalControls/FamilyLinkParentalControls.apk=com.google.android.gms.supervision
/product/priv-app/GoogleOneTimeInitializer/GoogleOneTimeInitializer.apk=com.google.android.onetimeinitializer
/product/priv-app/HotwordEnrollmentOKGoogleHEXAGON_WIDEBAND/HotwordEnrollmentOKGoogleHEXAGON_WIDEBAND.apk=com.android.hotwordenrollment.okgoogle
/product/priv-app/HotwordEnrollmentXGoogleHEXAGON_WIDEBAND/HotwordEnrollmentXGoogleHEXAGON_WIDEBAND.apk=com.android.hotwordenrollment.xgoogle
/product/priv-app/ImsServiceEntitlement/ImsServiceEntitlement.apk=com.android.imsserviceentitlement
/product/priv-app/InCallUI/InCallUI.apk=com.android.incallui
/product/priv-app/MiAICR/MiAICR.apk=com.xiaomi.aicr
/product/priv-app/Mirror/Mirror.apk=com.xiaomi.mirror
/product/priv-app/MiuiAccessibility/MiuiAccessibility.apk=com.miui.accessibility
/product/priv-app/MiuiAod/MiuiAod.apk=com.miui.aod
/product/priv-app/MiuiBarrage/MiuiBarrage.apk=com.xiaomi.barrage
/product/priv-app/MiuiCamera/MiuiCamera.apk=com.android.camera
/product/priv-app/MiuiExtraPhoto/MiuiExtraPhoto.apk=com.miui.extraphoto
/product/priv-app/MiuiGallery/MiuiGallery.apk=com.miui.gallery
/product/priv-app/MiuiHome/MiuiHome.apk=com.miui.home
/product/priv-app/MiuiPackageInstaller/MiuiPackageInstaller.apk=com.miui.packageinstaller
/product/priv-app/MiuiScanner/MiuiScanner.apk=com.xiaomi.scanner
/product/priv-app/Mms/Mms.apk=com.android.mms
/product/priv-app/Music/Music.apk=com.miui.player
/product/priv-app/PersonalAssistant/PersonalAssistant.apk=com.miui.personalassistant
/product/priv-app/SecurityCenter/SecurityCenter.apk=com.miui.securitycenter
/product/priv-app/SettingsIntelligence/SettingsIntelligence.apk=com.android.settings.intelligence
/product/priv-app/SoundRecorder/SoundRecorder.apk=com.android.soundrecorder
/product/priv-app/Weather/Weather.apk=com.miui.weather2
/product/priv-app/XiaomiEUExt/XiaomiEUExt.apk=eu.xiaomi.ext
/system/app/Bluetooth/Bluetooth.apk=com.android.bluetooth
/system/app/BluetoothMidiService/BluetoothMidiService.apk=com.android.bluetoothmidiservice
/system/app/CameraExtensionsProxy/CameraExtensionsProxy.apk=com.android.cameraextensions
/system/app/CaptivePortalLogin/CaptivePortalLogin.apk=com.android.captiveportallogin
/system/app/CarrierDefaultApp/CarrierDefaultApp.apk=com.android.carrierdefaultapp
/system/app/CertInstaller/CertInstaller.apk=com.android.certinstaller
/system/app/CompanionDeviceManager/CompanionDeviceManager.apk=com.android.companiondevicemanager
/system/app/GoogleExtShared/GoogleExtShared.apk=com.google.android.ext.shared
/system/app/GooglePrintRecommendationService/GooglePrintRecommendationService.apk=com.google.android.printservice.recommendation
/system/app/KeyChain/KeyChain.apk=com.android.keychain
/system/app/PacProcessor/PacProcessor.apk=com.android.pacprocessor
/system/app/PowerKeeper/PowerKeeper.apk=com.miui.powerkeeper
/system/app/SecureElement/SecureElement.apk=com.android.se
/system/app/SimAppDialog/SimAppDialog.apk=com.android.simappdialog
/system/app/WallpaperBackup/WallpaperBackup.apk=com.android.wallpaperbackup
/system/app/WapiCertManage/WapiCertManage.apk=com.wapi.wapicertmanage
/system/framework/framework-res.apk=android
/system/priv-app/BackupRestoreConfirmation/BackupRestoreConfirmation.apk=com.android.backupconfirm
/system/priv-app/BlockedNumberProvider/BlockedNumberProvider.apk=com.android.providers.blockednumber
/system/priv-app/BuiltInPrintService/BuiltInPrintService.apk=com.android.bips
/system/priv-app/CalendarProvider/CalendarProvider.apk=com.android.providers.calendar
/system/priv-app/CallLogBackup/CallLogBackup.apk=com.android.calllogbackup
/system/priv-app/CellBroadcastServiceModulePlatform/CellBroadcastServiceModulePlatform.apk=com.android.cellbroadcastservice
/system/priv-app/ContactsProvider/ContactsProvider.apk=com.android.providers.contacts
/system/priv-app/CredentialManager/CredentialManager.apk=com.android.credentialmanager
/system/priv-app/DocumentsUIGoogle/DocumentsUIGoogle.apk=com.google.android.documentsui
/system/priv-app/DownloadProvider/DownloadProvider.apk=com.android.providers.downloads
/system/priv-app/DynamicSystemInstallationService/DynamicSystemInstallationService.apk=com.android.dynsystem
/system/priv-app/ExternalStorageProvider/ExternalStorageProvider.apk=com.android.externalstorage
/system/priv-app/FusedLocation/FusedLocation.apk=com.android.location.fused
/system/priv-app/HTMLViewer/HTMLViewer.apk=com.android.htmlviewer
/system/priv-app/InputDevices/InputDevices.apk=com.android.inputdevices
/system/priv-app/IntentResolver/IntentResolver.apk=com.android.intentresolver
/system/priv-app/LiveWallpapersPicker/LiveWallpapersPicker.apk=com.android.wallpaper.livepicker
/system/priv-app/LocalTransport/LocalTransport.apk=com.android.localtransport
/system/priv-app/ManagedProvisioning/ManagedProvisioning.apk=com.android.managedprovisioning
/system/priv-app/MediaProviderLegacy/MediaProviderLegacy.apk=com.android.providers.media
/system/priv-app/MmsService/MmsService.apk=com.android.mms.service
/system/priv-app/MtpService/MtpService.apk=com.android.mtp
/system/priv-app/NetworkStack/NetworkStack.apk=com.android.networkstack
/system/priv-app/ONS/ONS.apk=com.android.ons
/system/priv-app/ProxyHandler/ProxyHandler.apk=com.android.proxyhandler
/system/priv-app/SettingsProvider/SettingsProvider.apk=com.android.providers.settings
/system/priv-app/SharedStorageBackup/SharedStorageBackup.apk=com.android.sharedstoragebackup
/system/priv-app/Shell/Shell.apk=com.android.shell
/system/priv-app/StatementService/StatementService.apk=com.android.statementservice
/system/priv-app/Tag/Tag.apk=com.android.apps.tag
/system/priv-app/TeleService/TeleService.apk=com.android.phone
/system/priv-app/Telecom/Telecom.apk=com.android.server.telecom
/system/priv-app/TelephonyProvider/TelephonyProvider.apk=com.android.providers.telephony
/system/priv-app/UserDictionaryProvider/UserDictionaryProvider.apk=com.android.providers.userdictionary
/system_ext/app/AtFwd2/AtFwd2.apk=com.qualcomm.atfwd2
/system_ext/app/BluetoothDsDaService/BluetoothDsDaService.apk=com.qualcomm.qtil.btdsda
/system_ext/app/CameraMind/CameraMind.apk=com.xiaomi.cameramind
/system_ext/app/DeviceInfo/DeviceInfo.apk=com.qti.qualcomm.deviceinfo
/system_ext/app/DeviceStatisticsService/DeviceStatisticsService.apk=com.qualcomm.qti.devicestatisticsservice
/system_ext/app/DynamicDDSService/DynamicDDSService.apk=com.qualcomm.qti.dynamicddsservice
/system_ext/app/ImsDataChannelService/ImsDataChannelService.apk=vendor.qti.imsdatachannel
/system_ext/app/MiuiAudioMonitor/MiuiAudioMonitor.apk=com.miui.audiomonitor
/system_ext/app/MiuiBluetooth/MiuiBluetooth.apk=com.xiaomi.bluetooth
/system_ext/app/MiuiDaemon/MiuiDaemon.apk=com.miui.daemon
/system_ext/app/MiuixEditor/MiuixEditor.apk=com.miuix.editor
/system_ext/app/ModemTestBox/ModemTestBox.apk=com.xiaomi.mtb
/system_ext/app/NQNfcNci/NQNfcNci.apk=com.android.nfc
/system_ext/app/PowerOffAlarm/PowerOffAlarm.apk=com.qualcomm.qti.poweroffalarm
/system_ext/app/PowerSaveMode/PowerSaveMode.apk=com.qualcomm.qti.powersavemode
/system_ext/app/PrintSpooler/PrintSpooler.apk=com.android.printspooler
/system_ext/app/QCC/QCC.apk=com.qti.qcc
/system_ext/app/QColor/QColor.apk=com.qualcomm.qti.qcolor
/system_ext/app/QesdkSysService/QesdkSysService.apk=vendor.qti.qesdk.sysservice
/system_ext/app/QtiTelephony/QtiTelephony.apk=com.qti.phone
/system_ext/app/QtiTelephonyService/QtiTelephonyService.apk=com.qualcomm.qti.telephonyservice
/system_ext/app/SimContact/SimContact.apk=com.qualcomm.qti.simcontacts
/system_ext/app/VsimCore/VsimCore.apk=com.miui.vsimcore
/system_ext/app/WAPPushManager/WAPPushManager.apk=com.android.smspush
/system_ext/app/atfwd/atfwd.apk=com.qualcomm.atfwd
/system_ext/app/colorservice/colorservice.apk=com.qti.service.colorservice
/system_ext/app/datastatusnotification/datastatusnotification.apk=com.qti.qualcomm.datastatusnotification
/system_ext/app/miuisystem/miuisystem.apk=com.miui.system
/system_ext/app/workloadclassifier/workloadclassifier.apk=com.qualcomm.qti.workloadclassifier
/system_ext/framework/framework-ext-res/framework-ext-res.apk=com.miui.rom
/system_ext/priv-app/AccessibilityMenu/AccessibilityMenu.apk=com.android.systemui.accessibility.accessibilitymenu
/system_ext/priv-app/AuthManager/AuthManager.apk=com.lbe.security.miui
/system_ext/priv-app/CarrierConfig/CarrierConfig.apk=com.android.carrierconfig
/system_ext/priv-app/CellBroadcastAppPlatform/CellBroadcastAppPlatform.apk=com.android.cellbroadcastreceiver
/system_ext/priv-app/EmergencyInfo/EmergencyInfo.apk=com.android.emergency
/system_ext/priv-app/FindDevice/FindDevice.apk=com.xiaomi.finddevice
/system_ext/priv-app/GoogleServicesFramework/GoogleServicesFramework.apk=com.google.android.gsf
/system_ext/priv-app/MiuiFreeformService/MiuiFreeformService.apk=com.miui.freeform
/system_ext/priv-app/MiuiSystemUI/MiuiSystemUI.apk=com.android.systemui
/system_ext/priv-app/MiuiWifiDialog/MiuiWifiDialog.apk=com.android.wifi.dialog
/system_ext/priv-app/PerformanceMode/PerformanceMode.apk=com.qualcomm.qti.performancemode
/system_ext/priv-app/Polaris/Polaris.apk=com.xiaomi.gnss.polaris
/system_ext/priv-app/Provision/Provision.apk=com.android.provision
/system_ext/priv-app/QtiWifiService/QtiWifiService.apk=com.qualcomm.qti.server.qtiwifi
/system_ext/priv-app/QualcommVoiceActivation/QualcommVoiceActivation.apk=com.quicinc.voice.activation
/system_ext/priv-app/RtMiCloudSDK/RtMiCloudSDK.apk=com.xiaomi.micloud.sdk
/system_ext/priv-app/Settings/Settings.apk=com.android.settings
/system_ext/priv-app/SetupWizard/SetupWizard.apk=com.google.android.setupwizard
/system_ext/priv-app/StorageManager/StorageManager.apk=com.android.storagemanager
/system_ext/priv-app/TouchService/TouchService.apk=com.xiaomi.touchservice
/system_ext/priv-app/VpnDialogs/VpnDialogs.apk=com.android.vpndialogs
/system_ext/priv-app/WallpaperCropper/WallpaperCropper.apk=com.android.wallpapercropper
/system_ext/priv-app/WfdService/WfdService.apk=com.qualcomm.wfd.service
/system_ext/priv-app/com.qualcomm.location/com.qualcomm.location.apk=com.qualcomm.location
/system_ext/priv-app/com.qualcomm.qti.services.systemhelper/com.qualcomm.qti.services.systemhelper.apk=com.qualcomm.qti.services.systemhelper
/system_ext/priv-app/dcf/dcf.apk=com.qti.dcf
/system_ext/priv-app/dpmserviceapp/dpmserviceapp.apk=com.qti.dpmserviceapp
/system_ext/priv-app/qcrilmsgtunnel/qcrilmsgtunnel.apk=com.qualcomm.qcrilmsgtunnel
/system_ext/priv-app/xrcbservice/xrcbservice.apk=com.qualcomm.qti.xrcb
/system_ext/priv-app/xrvdservice/xrvdservice.apk=com.qualcomm.qti.xrvd.service
/system_ext/priv-app/xrwifiservice/xrwifiservice.apk=com.qualcomm.qti.xrwifi
/vendor/app/CACertService/CACertService.apk=vendor.qti.hardware.cacert.server
/vendor/app/EidService_V2/EidService_V2.apk=com.rongcard.eidapi
/vendor/app/IFAAService/IFAAService.apk=org.ifaa.aidl.manager
/vendor/app/IWlanService/IWlanService.apk=vendor.qti.iwlan
/vendor/app/MipayService/MipayService.apk=org.mipay.android.manager
/vendor/app/SensorTestTool/SensorTestTool.apk=com.fingerprints.sensortesttool
/vendor/app/SoterService/SoterService.apk=com.tencent.soter.soterserver
/vendor/app/TimeService/TimeService.apk=com.qualcomm.timeservice
/vendor/app/com.qualcomm.qti.gpudrivers.lahaina.api30/com.qualcomm.qti.gpudrivers.lahaina.api30.apk=com.qualcomm.qti.gpudrivers.lahaina.api30
/vendor/overlay/FrameworksResTarget.apk=android.overlay.target
/vendor/overlay/WifiResTarget.apk=com.android.wifi.resources.overlay.target

Installation end time: Sat Jun 21 20:55:20 2025
